<?xml version="1.0" encoding="UTF-8"?>
<testsuite name="CalculatorTest" tests="1" skipped="0" failures="0" errors="0" timestamp="2020-04-06T11:40:33" hostname="DESKTOP-JGRK5LJ" time="0.026">
  <properties/>
  <testcase name="testAddition()" classname="CalculatorTest" time="0.026"/>
  <system-out><![CDATA[]]></system-out>
  <system-err><![CDATA[]]></system-err>
</testsuite>
